#
# There is insufficient memory for the Java Runtime Environment to continue.
# Native memory allocation (mmap) failed to map 1933312 bytes. Error detail: G1 virtual space
# Possible reasons:
#   The system is out of physical RAM or swap space
#   This process is running with CompressedOops enabled, and the Java Heap may be blocking the growth of the native heap
# Possible solutions:
#   Reduce memory load on the system
#   Increase physical memory or swap space
#   Check if swap backing store is full
#   Decrease Java heap size (-Xmx/-Xms)
#   Decrease number of Java threads
#   Decrease Java thread stack sizes (-Xss)
#   Set larger code cache with -XX:ReservedCodeCacheSize=
#   JVM is running with Unscaled Compressed Oops mode in which the Java heap is
#     placed in the first 4GB address space. The Java Heap base address is the
#     maximum limit for the native heap growth. Please use -XX:HeapBaseMinAddress
#     to set the Java Heap base and to place the Java Heap above 4GB virtual address.
# This output file may be truncated or incomplete.
#
#  Out of Memory Error (os_windows.cpp:3925), pid=10588, tid=5356
#
# JRE version:  (21.0.8) (build )
# Java VM: OpenJDK 64-Bit Server VM (21.0.8+-14018985-b1038.68, mixed mode, sharing, tiered, compressed oops, compressed class ptrs, g1 gc, windows-amd64)
# No core dump will be written. Minidumps are not enabled by default on client versions of Windows
#

---------------  S U M M A R Y ------------

Command Line: git4idea.http.GitAskPassApp Username for 'https://github.com': 

Host: AMD Ryzen 7 5700U with Radeon Graphics         , 16 cores, 7G,  Windows 11 , 64 bit Build 26100 (10.0.26100.7309)
Time: Thu Jan  8 17:08:11 2026 Hora estándar de Argentina elapsed time: 0.024289 seconds (0d 0h 0m 0s)

---------------  T H R E A D  ---------------

Current thread (0x0000019c41a50b40):  JavaThread "Unknown thread" [_thread_in_vm, id=5356, stack(0x0000008509500000,0x0000008509600000) (1024K)]

Stack: [0x0000008509500000,0x0000008509600000]
Native frames: (J=compiled Java code, j=interpreted, Vv=VM code, C=native code)
V  [jvm.dll+0x6d68d9]
V  [jvm.dll+0x866693]
V  [jvm.dll+0x868c4e]
V  [jvm.dll+0x869333]
V  [jvm.dll+0x280566]
V  [jvm.dll+0x6d3195]
V  [jvm.dll+0x6c69ea]
V  [jvm.dll+0x3586db]
V  [jvm.dll+0x360336]
V  [jvm.dll+0x3b240b]
V  [jvm.dll+0x3b26c8]
V  [jvm.dll+0x32ae6c]
V  [jvm.dll+0x32bb5b]
V  [jvm.dll+0x82e109]
V  [jvm.dll+0x3bf5c8]
V  [jvm.dll+0x817388]
V  [jvm.dll+0x453b6e]
V  [jvm.dll+0x4552d1]
C  [jli.dll+0x52ab]
C  [ucrtbase.dll+0x37b0]
C  [KERNEL32.DLL+0x2e8d7]
C  [ntdll.dll+0x8c53c]


---------------  P R O C E S S  ---------------

Threads class SMR info:
_java_thread_list=0x00007ff8b7efb988, length=0, elements={
}

Java Threads: ( => current thread )
Total: 0

Other Threads:
  0x0000019c43f09940 WorkerThread "GC Thread#0"                     [id=26820, stack(0x0000008509600000,0x0000008509700000) (1024K)]
  0x0000019c43f193a0 ConcurrentGCThread "G1 Main Marker"            [id=14228, stack(0x0000008509700000,0x0000008509800000) (1024K)]
  0x0000019c43f1ace0 WorkerThread "G1 Conc#0"                       [id=9280, stack(0x0000008509800000,0x0000008509900000) (1024K)]

[error occurred during error reporting (printing all threads), id 0xc0000005, EXCEPTION_ACCESS_VIOLATION (0xc0000005) at pc=0x00007ff8b76eddd7]
VM state: not at safepoint (not fully initialized)

VM Mutex/Monitor currently owned by a thread:  ([mutex/lock_event])
[0x00007ff8b7f686b8] Heap_lock - owner thread: 0x0000019c41a50b40

Heap address: 0x000000008ac00000, size: 1876 MB, Compressed Oops mode: 32-bit

CDS archive(s) mapped at: [0x0000000000000000-0x0000000000000000-0x0000000000000000), size 0, SharedBaseAddress: 0x0000000800000000, ArchiveRelocationMode: 1.
Narrow klass base: 0x0000000000000000, Narrow klass shift: 0, Narrow klass range: 0x0

GC Precious Log:
 CardTable entry size: 512
 Card Set container configuration: InlinePtr #cards 5 size 8 Array Of Cards #cards 12 size 40 Howl #buckets 4 coarsen threshold 1843 Howl Bitmap #cards 512 size 80 coarsen threshold 460 Card regions per heap region 1 cards per card region 2048

Heap:
 garbage-first heap   total 0K, used 0K [0x000000008ac00000, 0x0000000100000000)
  region size 1024K, 0 young (0K), 0 survivors (0K)
 Metaspace       used 0K, committed 0K, reserved 0K
  class space    used 0K, committed 0K, reserved 0K

Heap Regions: E=young(eden), S=young(survivor), O=old, HS=humongous(starts), HC=humongous(continues), CS=collection set, F=free, TAMS=top-at-mark-start, PB=parsable bottom

Card table byte_map: [0x0000019c56c50000,0x0000019c57000000] _byte_map_base: 0x0000019c567fa000

Marking Bits: (CMBitMap*) 0x0000019c43f0a040
 Bits: [0x0000019c57000000, 0x0000019c58d50000)

GC Heap History (0 events):
No events

Dll operation events (1 events):
Event: 0.010 Loaded shared library C:\Program Files\Android\Android Studio\jbr\bin\java.dll

Deoptimization events (0 events):
No events

Classes loaded (0 events):
No events

Classes unloaded (0 events):
No events

Classes redefined (0 events):
No events

Internal exceptions (0 events):
No events

ZGC Phase Switch (0 events):
No events

VM Operations (0 events):
No events

Memory protections (0 events):
No events

Nmethod flushes (0 events):
No events

Events (0 events):
No events


Dynamic libraries:
0x00007ff663a90000 - 0x00007ff663a9a000 	C:\Program Files\Android\Android Studio\jbr\bin\java.exe
0x00007ff968360000 - 0x00007ff9685c7000 	C:\WINDOWS\SYSTEM32\ntdll.dll
0x00007ff966df0000 - 0x00007ff966eb9000 	C:\WINDOWS\System32\KERNEL32.DLL
0x00007ff9658e0000 - 0x00007ff965ccf000 	C:\WINDOWS\System32\KERNELBASE.dll
0x00007ff965560000 - 0x00007ff9656ab000 	C:\WINDOWS\System32\ucrtbase.dll
0x00007ff960440000 - 0x00007ff96045b000 	C:\Program Files\Android\Android Studio\jbr\bin\VCRUNTIME140.dll
0x00007ff954840000 - 0x00007ff954858000 	C:\Program Files\Android\Android Studio\jbr\bin\jli.dll
0x00007ff9679f0000 - 0x00007ff967bb5000 	C:\WINDOWS\System32\USER32.dll
0x00007ff9485e0000 - 0x00007ff948873000 	C:\WINDOWS\WinSxS\amd64_microsoft.windows.common-controls_6595b64144ccf1df_6.0.26100.7309_none_3e05feeae336a044\COMCTL32.dll
0x00007ff965ce0000 - 0x00007ff965d07000 	C:\WINDOWS\System32\win32u.dll
0x00007ff966830000 - 0x00007ff9668d9000 	C:\WINDOWS\System32\msvcrt.dll
0x00007ff967310000 - 0x00007ff96733b000 	C:\WINDOWS\System32\GDI32.dll
0x00007ff965e60000 - 0x00007ff965f8c000 	C:\WINDOWS\System32\gdi32full.dll
0x00007ff9656b0000 - 0x00007ff965753000 	C:\WINDOWS\System32\msvcp_win.dll
0x00007ff966390000 - 0x00007ff9663c1000 	C:\WINDOWS\System32\IMM32.DLL
0x00007ff961c80000 - 0x00007ff961c8c000 	C:\Program Files\Android\Android Studio\jbr\bin\vcruntime140_1.dll
0x00007ff922430000 - 0x00007ff9224bd000 	C:\Program Files\Android\Android Studio\jbr\bin\msvcp140.dll
0x00007ff8b73b0000 - 0x00007ff8b8046000 	C:\Program Files\Android\Android Studio\jbr\bin\server\jvm.dll
0x00007ff966100000 - 0x00007ff9661b4000 	C:\WINDOWS\System32\ADVAPI32.dll
0x00007ff9661c0000 - 0x00007ff966266000 	C:\WINDOWS\System32\sechost.dll
0x00007ff966270000 - 0x00007ff966388000 	C:\WINDOWS\System32\RPCRT4.dll
0x00007ff966b10000 - 0x00007ff966b84000 	C:\WINDOWS\System32\WS2_32.dll
0x00007ff965310000 - 0x00007ff96536e000 	C:\WINDOWS\SYSTEM32\POWRPROF.dll
0x00007ff95e230000 - 0x00007ff95e23b000 	C:\WINDOWS\SYSTEM32\VERSION.dll
0x00007ff95d3d0000 - 0x00007ff95d405000 	C:\WINDOWS\SYSTEM32\WINMM.dll
0x00007ff965240000 - 0x00007ff965254000 	C:\WINDOWS\SYSTEM32\UMPDC.dll
0x00007ff964260000 - 0x00007ff96427b000 	C:\WINDOWS\SYSTEM32\kernel.appcore.dll
0x00007ff95ece0000 - 0x00007ff95ecea000 	C:\Program Files\Android\Android Studio\jbr\bin\jimage.dll
0x00007ff957f30000 - 0x00007ff958172000 	C:\WINDOWS\SYSTEM32\DBGHELP.DLL
0x00007ff966ec0000 - 0x00007ff967245000 	C:\WINDOWS\System32\combase.dll
0x00007ff967370000 - 0x00007ff967446000 	C:\WINDOWS\System32\OLEAUT32.dll
0x00007ff945870000 - 0x00007ff9458ac000 	C:\WINDOWS\SYSTEM32\dbgcore.DLL
0x00007ff9654b0000 - 0x00007ff965555000 	C:\WINDOWS\System32\bcryptPrimitives.dll
0x00007ff958d80000 - 0x00007ff958da0000 	C:\Program Files\Android\Android Studio\jbr\bin\java.dll

JVMTI agents: none

dbghelp: loaded successfully - version: 4.0.5 - missing functions: none
symbol engine: initialized successfully - sym options: 0x614 - pdb path: .;C:\Program Files\Android\Android Studio\jbr\bin;C:\WINDOWS\SYSTEM32;C:\WINDOWS\WinSxS\amd64_microsoft.windows.common-controls_6595b64144ccf1df_6.0.26100.7309_none_3e05feeae336a044;C:\Program Files\Android\Android Studio\jbr\bin\server

VM Arguments:
java_command: git4idea.http.GitAskPassApp Username for 'https://github.com': 
java_class_path (initial): C:/Program Files/Android/Android Studio/plugins/vcs-git/lib/git4idea-rt.jar;C:/Program Files/Android/Android Studio/lib/externalProcess-rt.jar
Launcher Type: SUN_STANDARD

[Global flags]
     intx CICompilerCount                          = 12                                        {product} {ergonomic}
     uint ConcGCThreads                            = 3                                         {product} {ergonomic}
     uint G1ConcRefinementThreads                  = 13                                        {product} {ergonomic}
   size_t G1HeapRegionSize                         = 1048576                                   {product} {ergonomic}
    uintx GCDrainStackTargetSize                   = 64                                        {product} {ergonomic}
   size_t InitialHeapSize                          = 123731968                                 {product} {ergonomic}
   size_t MarkStackSize                            = 4194304                                   {product} {ergonomic}
   size_t MaxHeapSize                              = 1967128576                                {product} {ergonomic}
   size_t MinHeapDeltaBytes                        = 1048576                                   {product} {ergonomic}
   size_t MinHeapSize                              = 8388608                                   {product} {ergonomic}
    uintx NonNMethodCodeHeapSize                   = 7602480                                {pd product} {ergonomic}
    uintx NonProfiledCodeHeapSize                  = 122027880                              {pd product} {ergonomic}
    uintx ProfiledCodeHeapSize                     = 122027880                              {pd product} {ergonomic}
    uintx ReservedCodeCacheSize                    = 251658240                              {pd product} {ergonomic}
     bool SegmentedCodeCache                       = true                                      {product} {ergonomic}
   size_t SoftMaxHeapSize                          = 1967128576                             {manageable} {ergonomic}
     bool UseCompressedOops                        = true                           {product lp64_product} {ergonomic}
     bool UseG1GC                                  = true                                      {product} {ergonomic}
     bool UseLargePagesIndividualAllocation        = false                                  {pd product} {ergonomic}

Logging:
Log output configuration:
 #0: stdout all=warning uptime,level,tags foldmultilines=false
 #1: stderr all=off uptime,level,tags foldmultilines=false

Environment Variables:
PATH=C:\Program Files\Git\mingw64\libexec\git-core;C:\Program Files\Git\mingw64\libexec\git-core;C:\Program Files\Git\mingw64\bin;C:\Program Files\Git\usr\bin;C:\Users\juanm\bin;C:\Program Files\Common Files\Oracle\Java\javapath;C:\Program Files (x86)\Common Files\Oracle\Java\javapath;C:\windows\system32;C:\windows;C:\windows\System32\Wbem;C:\windows\System32\WindowsPowerShell\v1.0;C:\windows\System32\OpenSSH;C:\Program Files\Java\jdk-21\bin;C:\Program Files\HP\HP One Agent;C:\WINDOWS\system32;C:\WINDOWS;C:\WINDOWS\System32\Wbem;C:\WINDOWS\System32\WindowsPowerShell\v1.0;C:\WINDOWS\System32\OpenSSH;C:\Program Files\Git\cmd;C:\Users\juanm\AppData\Local\Microsoft\WindowsApps
USERNAME=juanm
DISPLAY=:0.0
LC_ALL=en_US.UTF-8
TERM=xterm-256color
TMPDIR=C:\Users\juanm\AppData\Local\Temp
OS=Windows_NT
PROCESSOR_IDENTIFIER=AMD64 Family 23 Model 104 Stepping 1, AuthenticAMD
TMP=C:\Users\juanm\AppData\Local\Temp
TEMP=C:\Users\juanm\AppData\Local\Temp




Periodic native trim disabled

JNI global refs:
JNI global refs: 0, weak refs: 0

JNI global refs memory usage: 0, weak refs: 0

Process memory usage:
Resident Set Size: 12976K (0% of 7681536K total physical memory with 795020K free physical memory)

OOME stack traces (most recent first):
Classloader memory used:

---------------  S Y S T E M  ---------------

OS:
 Windows 11 , 64 bit Build 26100 (10.0.26100.7309)
OS uptime: 20 days 14:26 hours
Hyper-V role detected

CPU: total 16 (initial active 16) (16 cores per cpu, 2 threads per core) family 23 model 104 stepping 1 microcode 0x8608107, cx8, cmov, fxsr, ht, mmx, 3dnowpref, sse, sse2, sse3, ssse3, sse4a, sse4.1, sse4.2, popcnt, lzcnt, tsc, tscinvbit, avx, avx2, aes, clmul, bmi1, bmi2, adx, sha, fma, vzeroupper, clflush, clflushopt, hv, rdtscp, rdpid, f16c
Processor Information for the first 16 processors :
  Max Mhz: 1801, Current Mhz: 1801, Mhz Limit: 1801

Memory: 4k page, system-wide physical 7501M (776M free)
TotalPageFile size 30029M (AvailPageFile size 5M)
current process WorkingSet (physical memory assigned to process): 12M, peak: 12M
current process commit charge ("private bytes"): 189M, peak: 190M

vm_info: OpenJDK 64-Bit Server VM (21.0.8+-14018985-b1038.68) for windows-amd64 JRE (21.0.8+-14018985-b1038.68), built on 2025-08-29T19:56:34Z by "builder" with MS VC++ 16.10 / 16.11 (VS2019)

END.
